<?xml version="1.0" encoding="UTF-8"?>
<!-- Generated by org.testng.reporters.JUnitReportReporter -->
<testsuite hostname="Mds-MBP-2.home" failures="0" tests="2" name="sunNext.D1" time="0.008" errors="0" timestamp="2021-01-03T18:00:56 EST" skipped="0">
  <testcase classname="sunNext.D1" name="B" time="0.001"/>
  <system-out/>
  <testcase classname="sunNext.D1" name="A" time="0.007"/>
  <system-out/>
</testsuite> <!-- sunNext.D1 -->
