<?xml version="1.0" encoding="UTF-8"?>
<!-- Generated by org.testng.reporters.JUnitReportReporter -->
<testsuite hostname="Mds-MBP-2.fios-router.home" failures="0" tests="1" name="sunNext.Base" time="2.770" errors="0" timestamp="2020-10-27T15:08:33 EDT" skipped="0">
  <testcase classname="sunNext.Base" name="opneBrowser" time="2.770"/>
  <system-out/>
</testsuite> <!-- sunNext.Base -->
