<?xml version="1.0" encoding="UTF-8"?>
<!-- Generated by org.testng.reporters.JUnitReportReporter -->
<testsuite hostname="Mds-MBP-2.home" failures="0" tests="2" name="sunNext.CucumberClass" time="0.011" errors="0" timestamp="2020-12-25T19:49:52 EST" skipped="0">
  <testcase classname="sunNext.CucumberClass" name="C" time="0.002"/>
  <system-out/>
  <testcase classname="sunNext.CucumberClass" name="B" time="0.009"/>
  <system-out/>
</testsuite> <!-- sunNext.CucumberClass -->
